#
# A fatal error has been detected by the Java Runtime Environment:
#
#  EXCEPTION_ACCESS_VIOLATION (0xc0000005) at pc=0x00007ffc2d57a51f, pid=26296, tid=14140
#
# JRE version: OpenJDK Runtime Environment (21.0.3) (build 21.0.3+-12282718-b509.11)
# Java VM: OpenJDK 64-Bit Server VM (21.0.3+-12282718-b509.11, mixed mode, tiered, compressed oops, compressed class ptrs, g1 gc, windows-amd64)
# Problematic frame:
# V  [jvm.dll+0x24a51f]
#
# No core dump will be written. Minidumps are not enabled by default on client versions of Windows
#
# If you would like to submit a bug report, please visit:
#   https://youtrack.jetbrains.com/issues/JBR
#

---------------  S U M M A R Y ------------

Command Line: --add-opens=java.base/java.util=ALL-UNNAMED --add-opens=java.base/java.lang=ALL-UNNAMED --add-opens=java.base/java.lang.invoke=ALL-UNNAMED --add-opens=java.prefs/java.util.prefs=ALL-UNNAMED --add-exports=jdk.compiler/com.sun.tools.javac.api=ALL-UNNAMED --add-exports=jdk.compiler/com.sun.tools.javac.util=ALL-UNNAMED --add-opens=java.base/java.nio.charset=ALL-UNNAMED --add-opens=java.base/java.net=ALL-UNNAMED --add-opens=java.base/java.util.concurrent.atomic=ALL-UNNAMED -Xmx2048m -Dfile.encoding=UTF-8 -Duser.country=CO -Duser.language=es -Duser.variant -javaagent:C:\Users\santi\.gradle\wrapper\dists\gradle-8.9-bin\90cnw93cvbtalezasaz0blq0a\gradle-8.9\lib\agents\gradle-instrumentation-agent-8.9.jar org.gradle.launcher.daemon.bootstrap.GradleDaemon 8.9

Host: Intel(R) Core(TM) i5-9300H CPU @ 2.40GHz, 8 cores, 23G,  Windows 11 , 64 bit Build 22621 (10.0.22621.3958)
Time: Tue Oct  8 07:41:26 2024 Hora est. Pacífico, Sudamérica elapsed time: 11.703756 seconds (0d 0h 0m 11s)

---------------  T H R E A D  ---------------

Current thread (0x000001fc0f56bd90):  JavaThread "C2 CompilerThread0" daemon [_thread_in_native, id=14140, stack(0x000000670ae00000,0x000000670af00000) (1024K)]


Current CompileTask:
C2:  11703 4494       4       java.util.stream.AbstractPipeline::wrapSink (37 bytes)

Stack: [0x000000670ae00000,0x000000670af00000],  sp=0x000000670aefd890,  free space=1014k
Native frames: (J=compiled Java code, j=interpreted, Vv=VM code, C=native code)
V  [jvm.dll+0x24a51f]
V  [jvm.dll+0x6f062c]
V  [jvm.dll+0x245e07]
V  [jvm.dll+0x1c5804]
V  [jvm.dll+0x25575c]
V  [jvm.dll+0x253c36]
V  [jvm.dll+0x3ec996]
V  [jvm.dll+0x800d78]
V  [jvm.dll+0x6c98cd]
C  [ucrtbase.dll+0x29333]
C  [KERNEL32.DLL+0x1257d]
C  [ntdll.dll+0x5af28]


siginfo: EXCEPTION_ACCESS_VIOLATION (0xc0000005), reading address 0x0000000000000028


Registers:
RAX=0x0000000000000000, RBX=0x000000670aefe590, RCX=0x0000000000000009, RDX=0x0000000000000006
RSP=0x000000670aefd890, RBP=0x0000000000000000, RSI=0x000001fc141b4bb0, RDI=0x000000670aefe440
R8 =0x0000000000000002, R9 =0x0000000000000012, R10=0x000001fc141bb140, R11=0x000001fc141bb150
R12=0x0000000000000018, R13=0x000001fc182a91d0, R14=0x000000670aefe430, R15=0x0000000000000000
RIP=0x00007ffc2d57a51f, EFLAGS=0x0000000000010287


Register to memory mapping:

RAX=0x0 is null
RBX=0x000000670aefe590 is pointing into the stack for thread: 0x000001fc0f56bd90
RCX=0x0000000000000009 is an unknown value
RDX=0x0000000000000006 is an unknown value
RSP=0x000000670aefd890 is pointing into the stack for thread: 0x000001fc0f56bd90
RBP=0x0 is null
RSI=0x000001fc141b4bb0 points into unknown readable memory: 0x00007ffc2dc9b0e8 | e8 b0 c9 2d fc 7f 00 00
RDI=0x000000670aefe440 is pointing into the stack for thread: 0x000001fc0f56bd90
R8 =0x0000000000000002 is an unknown value
R9 =0x0000000000000012 is an unknown value
R10=0x000001fc141bb140 points into unknown readable memory: 0x000001fc141bc4e0 | e0 c4 1b 14 fc 01 00 00
R11=0x000001fc141bb150 points into unknown readable memory: 0x0000000000000000 | 00 00 00 00 00 00 00 00
R12=0x0000000000000018 is an unknown value
R13=0x000001fc182a91d0 points into unknown readable memory: 0x000000670aefe6c0 | c0 e6 ef 0a 67 00 00 00
R14=0x000000670aefe430 is pointing into the stack for thread: 0x000001fc0f56bd90
R15=0x0 is null

Top of Stack: (sp=0x000000670aefd890)
0x000000670aefd890:   000000670aefe590 000001fc141bbf38
0x000000670aefd8a0:   000000670aefe590 00000000000000c2
0x000000670aefd8b0:   0000000000000000 000000670aefe430
0x000000670aefd8c0:   000001fc0f4d8690 000000670aefdad0
0x000000670aefd8d0:   000000670aefe590 00007ffc2da2062c
0x000000670aefd8e0:   000001fc182a9240 000001fc182ad2a0
0x000000670aefd8f0:   000001fc182a91d0 000000670aefe590
0x000000670aefd900:   0000000000000002 00007ffc2d575e07
0x000000670aefd910:   000001fc182ad2a0 000000670aefda10
0x000000670aefd920:   000000670aefe590 0000000000000001
0x000000670aefd930:   000001fc0f6bac00 000001fc0f6badf0
0x000000670aefd940:   000000670aefe590 000001fc0f6bad90
0x000000670aefd950:   000001fc0f6999b0 000001fc0f6bb2d0
0x000000670aefd960:   000001fc0f6b0000 0000000000000000
0x000000670aefd970:   000001fc0f6bb3f0 000001fc0f6bb400
0x000000670aefd980:   000001fc0f6bb4b0 00007ffc2dc5c24c
0x000000670aefd990:   0000000000000000 0000000000000000
0x000000670aefd9a0:   0000000000000000 00007ffc2dc5c24c
0x000000670aefd9b0:   000001fc0f6bae00 000001fc0f6bb030
0x000000670aefd9c0:   000001fc0f565eb0 000001fc14e0bf40
0x000000670aefd9d0:   000001fc14e10158 000001fc14e13f28
0x000000670aefd9e0:   00000000000083b0 000001fc0f6b0000
0x000000670aefd9f0:   0000000000000000 000001fc0f6bb690
0x000000670aefda00:   000001fc0f6bb600 000001fc0f6bb9f0
0x000000670aefda10:   0000000000000000 0000000000000000
0x000000670aefda20:   000001fc0f6b0000 0000000000000000
0x000000670aefda30:   000001fc0f6bb0f0 000001fc0f6bb200
0x000000670aefda40:   000001fc0f6bb1b0 00007ffc2dc7a608
0x000000670aefda50:   0000000000000000 000001fc0f6bb750
0x000000670aefda60:   000001fc0f6bb7b0 000001fc0f6bb810
0x000000670aefda70:   00007ffc2dc9c3e0 000001fc00000001
0x000000670aefda80:   000000670aefe590 000000670aeff350 

Instructions: (pc=0x00007ffc2d57a51f)
0x00007ffc2d57a41f:   75 7b 48 83 b9 10 03 00 00 00 74 71 41 8b 50 28
0x00007ffc2d57a42f:   e8 ac fc f7 ff 48 8b f0 48 85 c0 74 60 48 83 38
0x00007ffc2d57a43f:   00 74 5a 8b 53 28 48 8b cf e8 93 fc f7 ff 48 85
0x00007ffc2d57a44f:   c0 74 2d 48 8b 00 48 85 c0 74 25 8b 53 28 4c 8d
0x00007ffc2d57a45f:   44 24 40 48 8b cf 48 89 44 24 40 e8 21 73 00 00
0x00007ffc2d57a46f:   48 8b 5c 24 30 48 8b 74 24 38 48 83 c4 20 5f c3
0x00007ffc2d57a47f:   8b 53 28 4c 8b c6 48 8b cf 48 8b 5c 24 30 48 8b
0x00007ffc2d57a48f:   74 24 38 48 83 c4 20 5f e9 f4 72 00 00 48 8b 5c
0x00007ffc2d57a49f:   24 30 32 c0 48 8b 74 24 38 48 83 c4 20 5f c3 cc
0x00007ffc2d57a4af:   cc 48 89 5c 24 10 48 89 6c 24 18 56 57 41 55 41
0x00007ffc2d57a4bf:   56 41 57 48 83 ec 20 33 ed 4c 89 64 24 50 4d 8b
0x00007ffc2d57a4cf:   e8 48 8b fa 48 8b d9 44 8b e5 39 6a 18 0f 86 04
0x00007ffc2d57a4df:   01 00 00 48 8b 47 10 41 8b cc 41 ff c4 48 8b 34
0x00007ffc2d57a4ef:   c8 8b 46 2c 83 e0 03 3c 03 75 09 48 8d 4e 48 e8
0x00007ffc2d57a4ff:   3d 3b 4d 00 44 8b 4e 20 44 8b c5 45 85 c9 7e 4d
0x00007ffc2d57a50f:   90 4c 8b 56 10 41 8b c0 4d 8d 1c c2 49 8b 04 c2
0x00007ffc2d57a51f:   8b 48 28 8b c1 c1 e8 05 3b 47 20 73 11 8b d0 83
0x00007ffc2d57a52f:   e1 1f 48 8b 47 28 8b 04 90 0f a3 c8 72 13 ff 4e
0x00007ffc2d57a53f:   20 41 ff c8 8b 46 20 41 ff c9 49 8b 04 c2 49 89
0x00007ffc2d57a54f:   03 41 ff c0 45 3b c1 7c b8 44 8b 4e 20 41 83 f9
0x00007ffc2d57a55f:   01 75 7a 48 8b ce e8 76 e2 45 00 84 c0 74 6e 48
0x00007ffc2d57a56f:   8b 46 10 4c 8b 38 45 8b 77 28 41 8b f6 c1 ee 05
0x00007ffc2d57a57f:   41 3b 75 20 72 0b 8b d6 49 8d 4d 20 e8 60 49 5f
0x00007ffc2d57a58f:   00 49 8b 45 28 41 83 e6 1f 48 8d 14 b0 41 0f b6
0x00007ffc2d57a59f:   ce 41 b8 01 00 00 00 41 d3 e0 8b 0a 8b c1 41 0b
0x00007ffc2d57a5af:   c0 89 02 41 85 c8 75 23 41 8b 75 18 8d 46 01 41
0x00007ffc2d57a5bf:   89 45 18 41 3b 75 08 72 0a 8b d6 49 8b cd e8 1e
0x00007ffc2d57a5cf:   e0 45 00 49 8b 45 10 4c 89 3c f0 33 ed 44 3b 67
0x00007ffc2d57a5df:   18 0f 82 fc fe ff ff 44 8b 83 a0 01 00 00 41 83
0x00007ffc2d57a5ef:   e8 01 4d 63 c8 78 5a 66 66 0f 1f 84 00 00 00 00
0x00007ffc2d57a5ff:   00 4c 8b 93 a8 01 00 00 4b 8b 04 ca 8b 48 28 8b
0x00007ffc2d57a60f:   c1 c1 e8 05 3b 47 20 73 11 8b d0 83 e1 1f 48 8b 


Stack slot to memory mapping:

stack at sp + 0 slots: 0x000000670aefe590 is pointing into the stack for thread: 0x000001fc0f56bd90
stack at sp + 1 slots: 0x000001fc141bbf38 points into unknown readable memory: 0x00007ffc2dc52158 | 58 21 c5 2d fc 7f 00 00
stack at sp + 2 slots: 0x000000670aefe590 is pointing into the stack for thread: 0x000001fc0f56bd90
stack at sp + 3 slots: 0x00000000000000c2 is an unknown value
stack at sp + 4 slots: 0x0 is null
stack at sp + 5 slots: 0x000000670aefe430 is pointing into the stack for thread: 0x000001fc0f56bd90
stack at sp + 6 slots: 0x000001fc0f4d8690 points into unknown readable memory: 0x0000000000000000 | 00 00 00 00 00 00 00 00
stack at sp + 7 slots: 0x000000670aefdad0 is pointing into the stack for thread: 0x000001fc0f56bd90


---------------  P R O C E S S  ---------------

Threads class SMR info:
_java_thread_list=0x000001fc185b8960, length=32, elements={
0x000001fc75ade5c0, 0x000001fc0f586770, 0x000001fc0f566670, 0x000001fc0f5690e0,
0x000001fc0f569b40, 0x000001fc0f56a5a0, 0x000001fc0f56b000, 0x000001fc0f56bd90,
0x000001fc0f56c830, 0x000001fc0f634160, 0x000001fc14047710, 0x000001fc15b54020,
0x000001fc15b461b0, 0x000001fc15ce7580, 0x000001fc15e1df10, 0x000001fc15e1e580,
0x000001fc15b9d8f0, 0x000001fc15df88c0, 0x000001fc15df8f50, 0x000001fc15df7510,
0x000001fc15df9c70, 0x000001fc15dfa300, 0x000001fc15df7ba0, 0x000001fc15df8230,
0x000001fc15df95e0, 0x000001fc1673d430, 0x000001fc1673dac0, 0x000001fc1673acd0,
0x000001fc1673ee70, 0x000001fc1673e7e0, 0x000001fc1673b9f0, 0x000001fc1673e150
}

Java Threads: ( => current thread )
  0x000001fc75ade5c0 JavaThread "main"                              [_thread_blocked, id=6916, stack(0x000000670a000000,0x000000670a100000) (1024K)]
  0x000001fc0f586770 JavaThread "Reference Handler"          daemon [_thread_blocked, id=21212, stack(0x000000670a800000,0x000000670a900000) (1024K)]
  0x000001fc0f566670 JavaThread "Finalizer"                  daemon [_thread_blocked, id=27220, stack(0x000000670a900000,0x000000670aa00000) (1024K)]
  0x000001fc0f5690e0 JavaThread "Signal Dispatcher"          daemon [_thread_blocked, id=25708, stack(0x000000670aa00000,0x000000670ab00000) (1024K)]
  0x000001fc0f569b40 JavaThread "Attach Listener"            daemon [_thread_blocked, id=7028, stack(0x000000670ab00000,0x000000670ac00000) (1024K)]
  0x000001fc0f56a5a0 JavaThread "Service Thread"             daemon [_thread_blocked, id=27152, stack(0x000000670ac00000,0x000000670ad00000) (1024K)]
  0x000001fc0f56b000 JavaThread "Monitor Deflation Thread"   daemon [_thread_blocked, id=22016, stack(0x000000670ad00000,0x000000670ae00000) (1024K)]
=>0x000001fc0f56bd90 JavaThread "C2 CompilerThread0"         daemon [_thread_in_native, id=14140, stack(0x000000670ae00000,0x000000670af00000) (1024K)]
  0x000001fc0f56c830 JavaThread "C1 CompilerThread0"         daemon [_thread_blocked, id=17156, stack(0x000000670af00000,0x000000670b000000) (1024K)]
  0x000001fc0f634160 JavaThread "Common-Cleaner"             daemon [_thread_blocked, id=22076, stack(0x000000670b000000,0x000000670b100000) (1024K)]
  0x000001fc14047710 JavaThread "Notification Thread"        daemon [_thread_blocked, id=23700, stack(0x000000670b100000,0x000000670b200000) (1024K)]
  0x000001fc15b54020 JavaThread "Daemon health stats"               [_thread_blocked, id=19924, stack(0x000000670ba00000,0x000000670bb00000) (1024K)]
  0x000001fc15b461b0 JavaThread "Incoming local TCP Connector on port 53240"        [_thread_in_native, id=14924, stack(0x000000670bb00000,0x000000670bc00000) (1024K)]
  0x000001fc15ce7580 JavaThread "Daemon periodic checks"            [_thread_blocked, id=10780, stack(0x000000670bc00000,0x000000670bd00000) (1024K)]
  0x000001fc15e1df10 JavaThread "Daemon"                            [_thread_blocked, id=13924, stack(0x000000670bd00000,0x000000670be00000) (1024K)]
  0x000001fc15e1e580 JavaThread "Handler for socket connection from /127.0.0.1:53240 to /127.0.0.1:53242"        [_thread_in_native, id=16748, stack(0x000000670be00000,0x000000670bf00000) (1024K)]
  0x000001fc15b9d8f0 JavaThread "Cancel handler"                    [_thread_blocked, id=16712, stack(0x000000670bf00000,0x000000670c000000) (1024K)]
  0x000001fc15df88c0 JavaThread "Daemon worker"                     [_thread_in_vm, id=24872, stack(0x000000670c000000,0x000000670c100000) (1024K)]
  0x000001fc15df8f50 JavaThread "Asynchronous log dispatcher for DefaultDaemonConnection: socket connection from /127.0.0.1:53240 to /127.0.0.1:53242"        [_thread_blocked, id=18188, stack(0x000000670c100000,0x000000670c200000) (1024K)]
  0x000001fc15df7510 JavaThread "Stdin handler"                     [_thread_blocked, id=6368, stack(0x000000670c200000,0x000000670c300000) (1024K)]
  0x000001fc15df9c70 JavaThread "Daemon client event forwarder"        [_thread_blocked, id=21260, stack(0x000000670c300000,0x000000670c400000) (1024K)]
  0x000001fc15dfa300 JavaThread "Cache worker for journal cache (C:\Users\santi\.gradle\caches\journal-1)"        [_thread_blocked, id=12544, stack(0x000000670b200000,0x000000670b300000) (1024K)]
  0x000001fc15df7ba0 JavaThread "File lock request listener"        [_thread_in_native, id=15048, stack(0x000000670c500000,0x000000670c600000) (1024K)]
  0x000001fc15df8230 JavaThread "Cache worker for file hash cache (C:\Users\santi\.gradle\caches\8.9\fileHashes)"        [_thread_blocked, id=27276, stack(0x000000670c700000,0x000000670c800000) (1024K)]
  0x000001fc15df95e0 JavaThread "Cache worker for file hash cache (C:\Users\santi\AndroidStudioProjects\kotlin-app3\.gradle\8.9\fileHashes)"        [_thread_blocked, id=23496, stack(0x000000670c900000,0x000000670ca00000) (1024K)]
  0x000001fc1673d430 JavaThread "Cache worker for Build Output Cleanup Cache (C:\Users\santi\AndroidStudioProjects\kotlin-app3\.gradle\buildOutputCleanup)"        [_thread_blocked, id=25428, stack(0x000000670ca00000,0x000000670cb00000) (1024K)]
  0x000001fc1673dac0 JavaThread "File watcher server"        daemon [_thread_in_native, id=19320, stack(0x000000670cb00000,0x000000670cc00000) (1024K)]
  0x000001fc1673acd0 JavaThread "File watcher consumer"      daemon [_thread_blocked, id=22376, stack(0x000000670cc00000,0x000000670cd00000) (1024K)]
  0x000001fc1673ee70 JavaThread "Cache worker for checksums cache (C:\Users\santi\AndroidStudioProjects\kotlin-app3\.gradle\8.9\checksums)"        [_thread_blocked, id=8692, stack(0x000000670c600000,0x000000670c700000) (1024K)]
  0x000001fc1673e7e0 JavaThread "Cache worker for file content cache (C:\Users\santi\.gradle\caches\8.9\fileContent)"        [_thread_blocked, id=3552, stack(0x000000670c800000,0x000000670c900000) (1024K)]
  0x000001fc1673b9f0 JavaThread "Cache worker for cache directory md-rule (C:\Users\santi\.gradle\caches\8.9\md-rule)"        [_thread_blocked, id=7964, stack(0x000000670cd00000,0x000000670ce00000) (1024K)]
  0x000001fc1673e150 JavaThread "Cache worker for cache directory md-supplier (C:\Users\santi\.gradle\caches\8.9\md-supplier)"        [_thread_blocked, id=26776, stack(0x000000670cf00000,0x000000670d000000) (1024K)]
Total: 32

Other Threads:
  0x000001fc0f4d9fc0 VMThread "VM Thread"                           [id=2720, stack(0x000000670a700000,0x000000670a800000) (1024K)]
  0x000001fc0f4a19e0 WatcherThread "VM Periodic Task Thread"        [id=17400, stack(0x000000670a600000,0x000000670a700000) (1024K)]
  0x000001fc77cb3d10 WorkerThread "GC Thread#0"                     [id=20588, stack(0x000000670a100000,0x000000670a200000) (1024K)]
  0x000001fc145f59a0 WorkerThread "GC Thread#1"                     [id=25544, stack(0x000000670b300000,0x000000670b400000) (1024K)]
  0x000001fc14447f90 WorkerThread "GC Thread#2"                     [id=24528, stack(0x000000670b400000,0x000000670b500000) (1024K)]
  0x000001fc1463d850 WorkerThread "GC Thread#3"                     [id=21932, stack(0x000000670b500000,0x000000670b600000) (1024K)]
  0x000001fc1460ade0 WorkerThread "GC Thread#4"                     [id=25368, stack(0x000000670b600000,0x000000670b700000) (1024K)]
  0x000001fc1460b180 WorkerThread "GC Thread#5"                     [id=23564, stack(0x000000670b700000,0x000000670b800000) (1024K)]
  0x000001fc146003c0 WorkerThread "GC Thread#6"                     [id=17564, stack(0x000000670b800000,0x000000670b900000) (1024K)]
  0x000001fc14600760 WorkerThread "GC Thread#7"                     [id=25920, stack(0x000000670b900000,0x000000670ba00000) (1024K)]
  0x000001fc77cc4aa0 ConcurrentGCThread "G1 Main Marker"            [id=11488, stack(0x000000670a200000,0x000000670a300000) (1024K)]
  0x000001fc77cc5350 WorkerThread "G1 Conc#0"                       [id=15104, stack(0x000000670a300000,0x000000670a400000) (1024K)]
  0x000001fc15d66ce0 WorkerThread "G1 Conc#1"                       [id=20328, stack(0x000000670c400000,0x000000670c500000) (1024K)]
  0x000001fc0f34c6e0 ConcurrentGCThread "G1 Refine#0"               [id=8932, stack(0x000000670a400000,0x000000670a500000) (1024K)]
  0x000001fc0f34cf00 ConcurrentGCThread "G1 Service"                [id=24748, stack(0x000000670a500000,0x000000670a600000) (1024K)]
Total: 15

Threads with active compile tasks:
C2 CompilerThread0    11769 4494       4       java.util.stream.AbstractPipeline::wrapSink (37 bytes)
C1 CompilerThread0    11769 4522       3       java.lang.invoke.MethodHandles$Lookup::findConstructor (61 bytes)
Total: 2

VM state: not at safepoint (normal execution)

VM Mutex/Monitor currently owned by a thread:  ([mutex/lock_event])
[0x00007ffc2ded1048] CompileThread_lock - owner thread: 0x000001fc0f56c830

Heap address: 0x0000000080000000, size: 2048 MB, Compressed Oops mode: 32-bit

CDS archive(s) not mapped
Compressed class space mapped at: 0x0000000100000000-0x0000000140000000, reserved size: 1073741824
Narrow klass base: 0x0000000000000000, Narrow klass shift: 3, Narrow klass range: 0x140000000

GC Precious Log:
 CardTable entry size: 512
 Card Set container configuration: InlinePtr #cards 5 size 8 Array Of Cards #cards 12 size 40 Howl #buckets 4 coarsen threshold 1843 Howl Bitmap #cards 512 size 80 coarsen threshold 460 Card regions per heap region 1 cards per card region 2048
 CPUs: 8 total, 8 available
 Memory: 24428M
 Large Page Support: Disabled
 NUMA Support: Disabled
 Compressed Oops: Enabled (32-bit)
 Heap Region Size: 1M
 Heap Min Capacity: 8M
 Heap Initial Capacity: 382M
 Heap Max Capacity: 2G
 Pre-touch: Disabled
 Parallel Workers: 8
 Concurrent Workers: 2
 Concurrent Refinement Workers: 8
 Periodic GC: Disabled

Heap:
 garbage-first heap   total 92160K, used 51717K [0x0000000080000000, 0x0000000100000000)
  region size 1024K, 22 young (22528K), 3 survivors (3072K)
 Metaspace       used 48419K, committed 49728K, reserved 1114112K
  class space    used 6596K, committed 7232K, reserved 1048576K

Heap Regions: E=young(eden), S=young(survivor), O=old, HS=humongous(starts), HC=humongous(continues), CS=collection set, F=free, TAMS=top-at-mark-start, PB=parsable bottom
|   0|0x0000000080000000, 0x0000000080100000, 0x0000000080100000|100%|HS|  |TAMS 0x0000000080000000| PB 0x0000000080000000| Complete 
|   1|0x0000000080100000, 0x0000000080200000, 0x0000000080200000|100%|HC|  |TAMS 0x0000000080100000| PB 0x0000000080100000| Complete 
|   2|0x0000000080200000, 0x0000000080300000, 0x0000000080300000|100%|HC|  |TAMS 0x0000000080200000| PB 0x0000000080200000| Complete 
|   3|0x0000000080300000, 0x0000000080400000, 0x0000000080400000|100%|HC|  |TAMS 0x0000000080300000| PB 0x0000000080300000| Complete 
|   4|0x0000000080400000, 0x0000000080500000, 0x0000000080500000|100%| O|  |TAMS 0x0000000080400000| PB 0x0000000080400000| Untracked 
|   5|0x0000000080500000, 0x0000000080600000, 0x0000000080600000|100%| O|  |TAMS 0x0000000080500000| PB 0x0000000080500000| Untracked 
|   6|0x0000000080600000, 0x0000000080700000, 0x0000000080700000|100%| O|  |TAMS 0x0000000080600000| PB 0x0000000080600000| Untracked 
|   7|0x0000000080700000, 0x0000000080800000, 0x0000000080800000|100%| O|  |TAMS 0x0000000080700000| PB 0x0000000080700000| Untracked 
|   8|0x0000000080800000, 0x0000000080900000, 0x0000000080900000|100%| O|  |TAMS 0x0000000080800000| PB 0x0000000080800000| Untracked 
|   9|0x0000000080900000, 0x0000000080a00000, 0x0000000080a00000|100%| O|  |TAMS 0x0000000080900000| PB 0x0000000080900000| Untracked 
|  10|0x0000000080a00000, 0x0000000080b00000, 0x0000000080b00000|100%| O|  |TAMS 0x0000000080a00000| PB 0x0000000080a00000| Untracked 
|  11|0x0000000080b00000, 0x0000000080c00000, 0x0000000080c00000|100%|HS|  |TAMS 0x0000000080b00000| PB 0x0000000080b00000| Complete 
|  12|0x0000000080c00000, 0x0000000080d00000, 0x0000000080d00000|100%| O|  |TAMS 0x0000000080c00000| PB 0x0000000080c00000| Untracked 
|  13|0x0000000080d00000, 0x0000000080e00000, 0x0000000080e00000|100%| O|  |TAMS 0x0000000080d00000| PB 0x0000000080d00000| Untracked 
|  14|0x0000000080e00000, 0x0000000080f00000, 0x0000000080f00000|100%| O|  |TAMS 0x0000000080e00000| PB 0x0000000080e00000| Untracked 
|  15|0x0000000080f00000, 0x0000000081000000, 0x0000000081000000|100%| O|  |TAMS 0x0000000080f00000| PB 0x0000000080f00000| Untracked 
|  16|0x0000000081000000, 0x0000000081100000, 0x0000000081100000|100%| O|  |TAMS 0x0000000081000000| PB 0x0000000081000000| Untracked 
|  17|0x0000000081100000, 0x0000000081200000, 0x0000000081200000|100%| O|  |TAMS 0x0000000081100000| PB 0x0000000081100000| Untracked 
|  18|0x0000000081200000, 0x0000000081300000, 0x0000000081300000|100%| O|  |TAMS 0x0000000081200000| PB 0x0000000081200000| Untracked 
|  19|0x0000000081300000, 0x0000000081400000, 0x0000000081400000|100%| O|  |TAMS 0x0000000081300000| PB 0x0000000081300000| Untracked 
|  20|0x0000000081400000, 0x0000000081400000, 0x0000000081500000|  0%| F|  |TAMS 0x0000000081400000| PB 0x0000000081400000| Untracked 
|  21|0x0000000081500000, 0x0000000081600000, 0x0000000081600000|100%| O|  |TAMS 0x0000000081500000| PB 0x0000000081500000| Untracked 
|  22|0x0000000081600000, 0x0000000081700000, 0x0000000081700000|100%| O|  |TAMS 0x0000000081600000| PB 0x0000000081600000| Untracked 
|  23|0x0000000081700000, 0x0000000081800000, 0x0000000081800000|100%| O|  |TAMS 0x0000000081700000| PB 0x0000000081700000| Untracked 
|  24|0x0000000081800000, 0x0000000081900000, 0x0000000081900000|100%| O|  |TAMS 0x0000000081800000| PB 0x0000000081800000| Untracked 
|  25|0x0000000081900000, 0x0000000081a00000, 0x0000000081a00000|100%| O|  |TAMS 0x0000000081900000| PB 0x0000000081900000| Untracked 
|  26|0x0000000081a00000, 0x0000000081b00000, 0x0000000081b00000|100%| O|  |TAMS 0x0000000081a00000| PB 0x0000000081a00000| Untracked 
|  27|0x0000000081b00000, 0x0000000081c00000, 0x0000000081c00000|100%| O|  |TAMS 0x0000000081b00000| PB 0x0000000081b00000| Untracked 
|  28|0x0000000081c00000, 0x0000000081d00000, 0x0000000081d00000|100%| O|  |TAMS 0x0000000081c00000| PB 0x0000000081c00000| Untracked 
|  29|0x0000000081d00000, 0x0000000081e00000, 0x0000000081e00000|100%| O|  |TAMS 0x0000000081d00000| PB 0x0000000081d00000| Untracked 
|  30|0x0000000081e00000, 0x0000000081e84240, 0x0000000081f00000| 51%| O|  |TAMS 0x0000000081e00000| PB 0x0000000081e00000| Untracked 
|  31|0x0000000081f00000, 0x0000000081f00000, 0x0000000082000000|  0%| F|  |TAMS 0x0000000081f00000| PB 0x0000000081f00000| Untracked 
|  32|0x0000000082000000, 0x0000000082000000, 0x0000000082100000|  0%| F|  |TAMS 0x0000000082000000| PB 0x0000000082000000| Untracked 
|  33|0x0000000082100000, 0x0000000082100000, 0x0000000082200000|  0%| F|  |TAMS 0x0000000082100000| PB 0x0000000082100000| Untracked 
|  34|0x0000000082200000, 0x0000000082200000, 0x0000000082300000|  0%| F|  |TAMS 0x0000000082200000| PB 0x0000000082200000| Untracked 
|  35|0x0000000082300000, 0x0000000082300000, 0x0000000082400000|  0%| F|  |TAMS 0x0000000082300000| PB 0x0000000082300000| Untracked 
|  36|0x0000000082400000, 0x0000000082400000, 0x0000000082500000|  0%| F|  |TAMS 0x0000000082400000| PB 0x0000000082400000| Untracked 
|  37|0x0000000082500000, 0x0000000082500000, 0x0000000082600000|  0%| F|  |TAMS 0x0000000082500000| PB 0x0000000082500000| Untracked 
|  38|0x0000000082600000, 0x0000000082600000, 0x0000000082700000|  0%| F|  |TAMS 0x0000000082600000| PB 0x0000000082600000| Untracked 
|  39|0x0000000082700000, 0x0000000082700000, 0x0000000082800000|  0%| F|  |TAMS 0x0000000082700000| PB 0x0000000082700000| Untracked 
|  40|0x0000000082800000, 0x0000000082800000, 0x0000000082900000|  0%| F|  |TAMS 0x0000000082800000| PB 0x0000000082800000| Untracked 
|  41|0x0000000082900000, 0x0000000082900000, 0x0000000082a00000|  0%| F|  |TAMS 0x0000000082900000| PB 0x0000000082900000| Untracked 
|  42|0x0000000082a00000, 0x0000000082afd2f0, 0x0000000082b00000| 98%| S|CS|TAMS 0x0000000082a00000| PB 0x0000000082a00000| Complete 
|  43|0x0000000082b00000, 0x0000000082c00000, 0x0000000082c00000|100%| S|CS|TAMS 0x0000000082b00000| PB 0x0000000082b00000| Complete 
|  44|0x0000000082c00000, 0x0000000082d00000, 0x0000000082d00000|100%| S|CS|TAMS 0x0000000082c00000| PB 0x0000000082c00000| Complete 
|  45|0x0000000082d00000, 0x0000000082d00000, 0x0000000082e00000|  0%| F|  |TAMS 0x0000000082d00000| PB 0x0000000082d00000| Untracked 
|  46|0x0000000082e00000, 0x0000000082e00000, 0x0000000082f00000|  0%| F|  |TAMS 0x0000000082e00000| PB 0x0000000082e00000| Untracked 
|  47|0x0000000082f00000, 0x0000000082f00000, 0x0000000083000000|  0%| F|  |TAMS 0x0000000082f00000| PB 0x0000000082f00000| Untracked 
|  48|0x0000000083000000, 0x0000000083000000, 0x0000000083100000|  0%| F|  |TAMS 0x0000000083000000| PB 0x0000000083000000| Untracked 
|  49|0x0000000083100000, 0x0000000083100000, 0x0000000083200000|  0%| F|  |TAMS 0x0000000083100000| PB 0x0000000083100000| Untracked 
|  50|0x0000000083200000, 0x0000000083200000, 0x0000000083300000|  0%| F|  |TAMS 0x0000000083200000| PB 0x0000000083200000| Untracked 
|  51|0x0000000083300000, 0x0000000083300000, 0x0000000083400000|  0%| F|  |TAMS 0x0000000083300000| PB 0x0000000083300000| Untracked 
|  52|0x0000000083400000, 0x0000000083400000, 0x0000000083500000|  0%| F|  |TAMS 0x0000000083400000| PB 0x0000000083400000| Untracked 
|  53|0x0000000083500000, 0x0000000083500000, 0x0000000083600000|  0%| F|  |TAMS 0x0000000083500000| PB 0x0000000083500000| Untracked 
|  54|0x0000000083600000, 0x0000000083600000, 0x0000000083700000|  0%| F|  |TAMS 0x0000000083600000| PB 0x0000000083600000| Untracked 
|  55|0x0000000083700000, 0x0000000083700000, 0x0000000083800000|  0%| F|  |TAMS 0x0000000083700000| PB 0x0000000083700000| Untracked 
|  56|0x0000000083800000, 0x0000000083800000, 0x0000000083900000|  0%| F|  |TAMS 0x0000000083800000| PB 0x0000000083800000| Untracked 
|  57|0x0000000083900000, 0x0000000083900000, 0x0000000083a00000|  0%| F|  |TAMS 0x0000000083900000| PB 0x0000000083900000| Untracked 
|  58|0x0000000083a00000, 0x0000000083a00000, 0x0000000083b00000|  0%| F|  |TAMS 0x0000000083a00000| PB 0x0000000083a00000| Untracked 
|  59|0x0000000083b00000, 0x0000000083b00000, 0x0000000083c00000|  0%| F|  |TAMS 0x0000000083b00000| PB 0x0000000083b00000| Untracked 
|  60|0x0000000083c00000, 0x0000000083c00000, 0x0000000083d00000|  0%| F|  |TAMS 0x0000000083c00000| PB 0x0000000083c00000| Untracked 
|  61|0x0000000083d00000, 0x0000000083d00000, 0x0000000083e00000|  0%| F|  |TAMS 0x0000000083d00000| PB 0x0000000083d00000| Untracked 
|  62|0x0000000083e00000, 0x0000000083e00000, 0x0000000083f00000|  0%| F|  |TAMS 0x0000000083e00000| PB 0x0000000083e00000| Untracked 
|  63|0x0000000083f00000, 0x0000000083f00000, 0x0000000084000000|  0%| F|  |TAMS 0x0000000083f00000| PB 0x0000000083f00000| Untracked 
|  64|0x0000000084000000, 0x0000000084000000, 0x0000000084100000|  0%| F|  |TAMS 0x0000000084000000| PB 0x0000000084000000| Untracked 
|  65|0x0000000084100000, 0x0000000084100000, 0x0000000084200000|  0%| F|  |TAMS 0x0000000084100000| PB 0x0000000084100000| Untracked 
|  66|0x0000000084200000, 0x0000000084200000, 0x0000000084300000|  0%| F|  |TAMS 0x0000000084200000| PB 0x0000000084200000| Untracked 
|  67|0x0000000084300000, 0x0000000084300000, 0x0000000084400000|  0%| F|  |TAMS 0x0000000084300000| PB 0x0000000084300000| Untracked 
|  68|0x0000000084400000, 0x0000000084400000, 0x0000000084500000|  0%| F|  |TAMS 0x0000000084400000| PB 0x0000000084400000| Untracked 
|  69|0x0000000084500000, 0x0000000084500000, 0x0000000084600000|  0%| F|  |TAMS 0x0000000084500000| PB 0x0000000084500000| Untracked 
|  70|0x0000000084600000, 0x0000000084600000, 0x0000000084700000|  0%| F|  |TAMS 0x0000000084600000| PB 0x0000000084600000| Untracked 
|  71|0x0000000084700000, 0x0000000084796ec0, 0x0000000084800000| 58%| E|  |TAMS 0x0000000084700000| PB 0x0000000084700000| Complete 
|  72|0x0000000084800000, 0x0000000084900000, 0x0000000084900000|100%| E|CS|TAMS 0x0000000084800000| PB 0x0000000084800000| Complete 
|  73|0x0000000084900000, 0x0000000084a00000, 0x0000000084a00000|100%| E|CS|TAMS 0x0000000084900000| PB 0x0000000084900000| Complete 
|  74|0x0000000084a00000, 0x0000000084b00000, 0x0000000084b00000|100%| E|CS|TAMS 0x0000000084a00000| PB 0x0000000084a00000| Complete 
|  75|0x0000000084b00000, 0x0000000084c00000, 0x0000000084c00000|100%| E|CS|TAMS 0x0000000084b00000| PB 0x0000000084b00000| Complete 
|  76|0x0000000084c00000, 0x0000000084d00000, 0x0000000084d00000|100%| E|CS|TAMS 0x0000000084c00000| PB 0x0000000084c00000| Complete 
|  77|0x0000000084d00000, 0x0000000084e00000, 0x0000000084e00000|100%| E|CS|TAMS 0x0000000084d00000| PB 0x0000000084d00000| Complete 
|  78|0x0000000084e00000, 0x0000000084f00000, 0x0000000084f00000|100%| E|CS|TAMS 0x0000000084e00000| PB 0x0000000084e00000| Complete 
| 305|0x0000000093100000, 0x0000000093200000, 0x0000000093200000|100%| E|CS|TAMS 0x0000000093100000| PB 0x0000000093100000| Complete 
| 306|0x0000000093200000, 0x0000000093300000, 0x0000000093300000|100%| E|CS|TAMS 0x0000000093200000| PB 0x0000000093200000| Complete 
| 307|0x0000000093300000, 0x0000000093400000, 0x0000000093400000|100%| E|CS|TAMS 0x0000000093300000| PB 0x0000000093300000| Complete 
| 308|0x0000000093400000, 0x0000000093500000, 0x0000000093500000|100%| E|CS|TAMS 0x0000000093400000| PB 0x0000000093400000| Complete 
| 309|0x0000000093500000, 0x0000000093600000, 0x0000000093600000|100%| E|CS|TAMS 0x0000000093500000| PB 0x0000000093500000| Complete 
| 310|0x0000000093600000, 0x0000000093700000, 0x0000000093700000|100%| E|CS|TAMS 0x0000000093600000| PB 0x0000000093600000| Complete 
| 311|0x0000000093700000, 0x0000000093800000, 0x0000000093800000|100%| E|CS|TAMS 0x0000000093700000| PB 0x0000000093700000| Complete 
| 312|0x0000000093800000, 0x0000000093900000, 0x0000000093900000|100%| E|CS|TAMS 0x0000000093800000| PB 0x0000000093800000| Complete 
| 313|0x0000000093900000, 0x0000000093a00000, 0x0000000093a00000|100%| E|CS|TAMS 0x0000000093900000| PB 0x0000000093900000| Complete 
| 314|0x0000000093a00000, 0x0000000093b00000, 0x0000000093b00000|100%| E|CS|TAMS 0x0000000093a00000| PB 0x0000000093a00000| Complete 
| 381|0x0000000097d00000, 0x0000000097e00000, 0x0000000097e00000|100%| E|CS|TAMS 0x0000000097d00000| PB 0x0000000097d00000| Complete 

Card table byte_map: [0x000001fc7b4e0000,0x000001fc7b8e0000] _byte_map_base: 0x000001fc7b0e0000

Marking Bits: (CMBitMap*) 0x000001fc77cb41c0
 Bits: [0x000001fc7b8e0000, 0x000001fc7d8e0000)

Polling page: 0x000001fc77420000

Metaspace:

Usage:
  Non-class:     40.86 MB used.
      Class:      6.44 MB used.
       Both:     47.30 MB used.

Virtual space:
  Non-class space:       64.00 MB reserved,      41.50 MB ( 65%) committed,  1 nodes.
      Class space:        1.00 GB reserved,       7.06 MB ( <1%) committed,  1 nodes.
             Both:        1.06 GB reserved,      48.56 MB (  4%) committed. 

Chunk freelists:
   Non-Class:  5.75 MB
       Class:  8.94 MB
        Both:  14.69 MB

MaxMetaspaceSize: unlimited
CompressedClassSpaceSize: 1.00 GB
Initial GC threshold: 21.00 MB
Current GC threshold: 59.38 MB
CDS: off
 - commit_granule_bytes: 65536.
 - commit_granule_words: 8192.
 - virtual_space_node_default_size: 8388608.
 - enlarge_chunks_in_place: 1.
 - use_allocation_guard: 0.


Internal statistics:

num_allocs_failed_limit: 9.
num_arena_births: 2456.
num_arena_deaths: 0.
num_vsnodes_births: 2.
num_vsnodes_deaths: 0.
num_space_committed: 777.
num_space_uncommitted: 0.
num_chunks_returned_to_freelist: 9.
num_chunks_taken_from_freelist: 4246.
num_chunk_merges: 9.
num_chunk_splits: 2743.
num_chunks_enlarged: 1682.
num_inconsistent_stats: 0.

CodeHeap 'non-profiled nmethods': size=120000Kb used=2401Kb max_used=2401Kb free=117598Kb
 bounds [0x000001fc07ad0000, 0x000001fc07d40000, 0x000001fc0f000000]
CodeHeap 'profiled nmethods': size=120000Kb used=8053Kb max_used=8053Kb free=111946Kb
 bounds [0x000001fc00000000, 0x000001fc007e0000, 0x000001fc07530000]
CodeHeap 'non-nmethods': size=5760Kb used=1892Kb max_used=1956Kb free=3867Kb
 bounds [0x000001fc07530000, 0x000001fc077a0000, 0x000001fc07ad0000]
 total_blobs=4815 nmethods=4129 adapters=589
 compilation: enabled
              stopped_count=0, restarted_count=0
 full_count=0

Compilation events (20 events):
Event: 11.655 Thread 0x000001fc0f56c830 4485       3       sun.reflect.generics.parser.SignatureParser::parseTypeArgument (135 bytes)
Event: 11.657 Thread 0x000001fc0f56c830 nmethod 4485 0x000001fc007cd490 code [0x000001fc007cd7e0, 0x000001fc007ceeb0]
Event: 11.657 Thread 0x000001fc0f56c830 4486       3       com.google.common.reflect.TypeResolver$TypeVariableKey::hashCode (32 bytes)
Event: 11.658 Thread 0x000001fc0f56c830 nmethod 4486 0x000001fc007cf490 code [0x000001fc007cf680, 0x000001fc007cfd10]
Event: 11.658 Thread 0x000001fc0f56c830 4487       3       com.google.common.reflect.TypeResolver$TypeVariableKey::equalsTypeVariable (48 bytes)
Event: 11.658 Thread 0x000001fc0f56c830 nmethod 4487 0x000001fc007cff10 code [0x000001fc007d0120, 0x000001fc007d06e0]
Event: 11.658 Thread 0x000001fc0f56c830 4488       3       com.google.common.collect.ImmutableMap$Builder::put (35 bytes)
Event: 11.659 Thread 0x000001fc0f56c830 nmethod 4488 0x000001fc007d0890 code [0x000001fc007d0aa0, 0x000001fc007d10f8]
Event: 11.659 Thread 0x000001fc0f56c830 4489       3       org.gradle.internal.instantiation.generator.AbstractClassGenerator$DslMixInPropertyType::visitProperty (33 bytes)
Event: 11.660 Thread 0x000001fc0f56bd90 4492       4       java.util.Spliterator::getExactSizeIfKnown (25 bytes)
Event: 11.660 Thread 0x000001fc0f56c830 nmethod 4489 0x000001fc007d1390 code [0x000001fc007d15e0, 0x000001fc007d1f68]
Event: 11.660 Thread 0x000001fc0f56c830 4491       3       org.gradle.internal.instantiation.generator.AbstractClassGenerator::isNameProperty (44 bytes)
Event: 11.661 Thread 0x000001fc0f56bd90 nmethod 4492 0x000001fc07d25f90 code [0x000001fc07d26120, 0x000001fc07d26210]
Event: 11.661 Thread 0x000001fc0f56bd90 4494       4       java.util.stream.AbstractPipeline::wrapSink (37 bytes)
Event: 11.661 Thread 0x000001fc0f56c830 nmethod 4491 0x000001fc007d2290 code [0x000001fc007d2500, 0x000001fc007d30d8]
Event: 11.661 Thread 0x000001fc0f56c830 4490       3       org.gradle.internal.instantiation.generator.AbstractClassGenerator$LazyGroovySupportTypePropertyHandler::visitProperty (43 bytes)
Event: 11.663 Thread 0x000001fc0f56c830 nmethod 4490 0x000001fc007d3490 code [0x000001fc007d3740, 0x000001fc007d4538]
Event: 11.663 Thread 0x000001fc0f56c830 4496       3       org.gradle.internal.instantiation.generator.AsmBackedClassGenerator::propFieldName (8 bytes)
Event: 11.663 Thread 0x000001fc0f56c830 nmethod 4496 0x000001fc007d4990 code [0x000001fc007d4bc0, 0x000001fc007d51a8]
Event: 11.663 Thread 0x000001fc0f56c830 4497       3       org.gradle.internal.instantiation.generator.AsmBackedClassGenerator::propFieldName (25 bytes)

GC Heap History (16 events):
Event: 2.062 GC heap before
{Heap before GC invocations=0 (full 0):
 garbage-first heap   total 391168K, used 26624K [0x0000000080000000, 0x0000000100000000)
  region size 1024K, 23 young (23552K), 0 survivors (0K)
 Metaspace       used 8152K, committed 8320K, reserved 1114112K
  class space    used 744K, committed 832K, reserved 1048576K
}
Event: 2.073 GC heap after
{Heap after GC invocations=1 (full 0):
 garbage-first heap   total 391168K, used 10169K [0x0000000080000000, 0x0000000100000000)
  region size 1024K, 3 young (3072K), 3 survivors (3072K)
 Metaspace       used 8152K, committed 8320K, reserved 1114112K
  class space    used 744K, committed 832K, reserved 1048576K
}
Event: 3.097 GC heap before
{Heap before GC invocations=1 (full 0):
 garbage-first heap   total 391168K, used 38841K [0x0000000080000000, 0x0000000100000000)
  region size 1024K, 32 young (32768K), 3 survivors (3072K)
 Metaspace       used 12029K, committed 12288K, reserved 1114112K
  class space    used 1281K, committed 1408K, reserved 1048576K
}
Event: 3.101 GC heap after
{Heap after GC invocations=2 (full 0):
 garbage-first heap   total 391168K, used 12081K [0x0000000080000000, 0x0000000100000000)
  region size 1024K, 2 young (2048K), 2 survivors (2048K)
 Metaspace       used 12029K, committed 12288K, reserved 1114112K
  class space    used 1281K, committed 1408K, reserved 1048576K
}
Event: 5.105 GC heap before
{Heap before GC invocations=2 (full 0):
 garbage-first heap   total 391168K, used 79665K [0x0000000080000000, 0x0000000100000000)
  region size 1024K, 67 young (68608K), 2 survivors (2048K)
 Metaspace       used 21220K, committed 21504K, reserved 1114112K
  class space    used 2469K, committed 2624K, reserved 1048576K
}
Event: 5.114 GC heap after
{Heap after GC invocations=3 (full 0):
 garbage-first heap   total 391168K, used 21098K [0x0000000080000000, 0x0000000100000000)
  region size 1024K, 10 young (10240K), 10 survivors (10240K)
 Metaspace       used 21220K, committed 21504K, reserved 1114112K
  class space    used 2469K, committed 2624K, reserved 1048576K
}
Event: 7.431 GC heap before
{Heap before GC invocations=4 (full 0):
 garbage-first heap   total 78848K, used 76394K [0x0000000080000000, 0x0000000100000000)
  region size 1024K, 65 young (66560K), 10 survivors (10240K)
 Metaspace       used 30126K, committed 30720K, reserved 1114112K
  class space    used 3920K, committed 4224K, reserved 1048576K
}
Event: 7.441 GC heap after
{Heap after GC invocations=5 (full 0):
 garbage-first heap   total 92160K, used 23895K [0x0000000080000000, 0x0000000100000000)
  region size 1024K, 13 young (13312K), 13 survivors (13312K)
 Metaspace       used 30126K, committed 30720K, reserved 1114112K
  class space    used 3920K, committed 4224K, reserved 1048576K
}
Event: 8.606 GC heap before
{Heap before GC invocations=5 (full 0):
 garbage-first heap   total 92160K, used 59735K [0x0000000080000000, 0x0000000100000000)
  region size 1024K, 50 young (51200K), 13 survivors (13312K)
 Metaspace       used 35237K, committed 36096K, reserved 1114112K
  class space    used 4759K, committed 5184K, reserved 1048576K
}
Event: 8.617 GC heap after
{Heap after GC invocations=6 (full 0):
 garbage-first heap   total 92160K, used 26551K [0x0000000080000000, 0x0000000100000000)
  region size 1024K, 6 young (6144K), 6 survivors (6144K)
 Metaspace       used 35237K, committed 36096K, reserved 1114112K
  class space    used 4759K, committed 5184K, reserved 1048576K
}
Event: 8.683 GC heap before
{Heap before GC invocations=6 (full 0):
 garbage-first heap   total 92160K, used 28599K [0x0000000080000000, 0x0000000100000000)
  region size 1024K, 9 young (9216K), 6 survivors (6144K)
 Metaspace       used 35537K, committed 36416K, reserved 1114112K
  class space    used 4817K, committed 5248K, reserved 1048576K
}
Event: 8.689 GC heap after
{Heap after GC invocations=7 (full 0):
 garbage-first heap   total 92160K, used 26763K [0x0000000080000000, 0x0000000100000000)
  region size 1024K, 3 young (3072K), 3 survivors (3072K)
 Metaspace       used 35537K, committed 36416K, reserved 1114112K
  class space    used 4817K, committed 5248K, reserved 1048576K
}
Event: 10.243 GC heap before
{Heap before GC invocations=8 (full 0):
 garbage-first heap   total 92160K, used 74891K [0x0000000080000000, 0x0000000100000000)
  region size 1024K, 51 young (52224K), 3 survivors (3072K)
 Metaspace       used 44414K, committed 45568K, reserved 1114112K
  class space    used 6015K, committed 6592K, reserved 1048576K
}
Event: 10.252 GC heap after
{Heap after GC invocations=9 (full 0):
 garbage-first heap   total 92160K, used 30729K [0x0000000080000000, 0x0000000100000000)
  region size 1024K, 7 young (7168K), 7 survivors (7168K)
 Metaspace       used 44414K, committed 45568K, reserved 1114112K
  class space    used 6015K, committed 6592K, reserved 1048576K
}
Event: 10.961 GC heap before
{Heap before GC invocations=9 (full 0):
 garbage-first heap   total 92160K, used 75785K [0x0000000080000000, 0x0000000100000000)
  region size 1024K, 52 young (53248K), 7 survivors (7168K)
 Metaspace       used 46411K, committed 47680K, reserved 1114112K
  class space    used 6257K, committed 6848K, reserved 1048576K
}
Event: 10.971 GC heap after
{Heap after GC invocations=10 (full 0):
 garbage-first heap   total 92160K, used 33285K [0x0000000080000000, 0x0000000100000000)
  region size 1024K, 3 young (3072K), 3 survivors (3072K)
 Metaspace       used 46411K, committed 47680K, reserved 1114112K
  class space    used 6257K, committed 6848K, reserved 1048576K
}

Dll operation events (3 events):
Event: 0.033 Loaded shared library C:\Program Files\Android\Android Studio\jbr\bin\java.dll
Event: 0.075 Loaded shared library C:\Program Files\Android\Android Studio\jbr\bin\zip.dll
Event: 2.034 Loaded shared library C:\Program Files\Android\Android Studio\jbr\bin\verify.dll

Deoptimization events (20 events):
Event: 11.499 Thread 0x000001fc15df88c0 Uncommon trap: trap_request=0xffffff45 fr.pc=0x000001fc07d1fb38 relative=0x0000000000000a78
Event: 11.499 Thread 0x000001fc15df88c0 Uncommon trap: reason=unstable_if action=reinterpret pc=0x000001fc07d1fb38 method=java.lang.ClassLoader.checkCerts(Ljava/lang/String;Ljava/security/CodeSource;)V @ 9 c2
Event: 11.499 Thread 0x000001fc15df88c0 DEOPT PACKING pc=0x000001fc07d1fb38 sp=0x000000670c0f9c30
Event: 11.499 Thread 0x000001fc15df88c0 DEOPT UNPACKING pc=0x000001fc075846a2 sp=0x000000670c0f9b90 mode 2
Event: 11.501 Thread 0x000001fc15df88c0 Uncommon trap: trap_request=0xffffff45 fr.pc=0x000001fc07c415d8 relative=0x0000000000000938
Event: 11.501 Thread 0x000001fc15df88c0 Uncommon trap: reason=unstable_if action=reinterpret pc=0x000001fc07c415d8 method=java.lang.Class.getPackageName()Ljava/lang/String; @ 55 c2
Event: 11.501 Thread 0x000001fc15df88c0 DEOPT PACKING pc=0x000001fc07c415d8 sp=0x000000670c0f9bd0
Event: 11.501 Thread 0x000001fc15df88c0 DEOPT UNPACKING pc=0x000001fc075846a2 sp=0x000000670c0f9ba0 mode 2
Event: 11.546 Thread 0x000001fc15df88c0 Uncommon trap: trap_request=0xffffff45 fr.pc=0x000001fc07bd3d5c relative=0x0000000000000a9c
Event: 11.546 Thread 0x000001fc15df88c0 Uncommon trap: reason=unstable_if action=reinterpret pc=0x000001fc07bd3d5c method=org.objectweb.asm.Frame.push(I)V @ 26 c2
Event: 11.546 Thread 0x000001fc15df88c0 DEOPT PACKING pc=0x000001fc07bd3d5c sp=0x000000670c0f8c10
Event: 11.546 Thread 0x000001fc15df88c0 DEOPT UNPACKING pc=0x000001fc075846a2 sp=0x000000670c0f8b18 mode 2
Event: 11.598 Thread 0x000001fc15df88c0 Uncommon trap: trap_request=0xffffff45 fr.pc=0x000001fc07ca270c relative=0x00000000000005cc
Event: 11.598 Thread 0x000001fc15df88c0 Uncommon trap: reason=unstable_if action=reinterpret pc=0x000001fc07ca270c method=java.lang.invoke.InvokerBytecodeGenerator.storeInsnOpcode(Ljava/lang/invoke/LambdaForm$BasicType;)I @ 8 c2
Event: 11.598 Thread 0x000001fc15df88c0 DEOPT PACKING pc=0x000001fc07ca270c sp=0x000000670c0f7790
Event: 11.598 Thread 0x000001fc15df88c0 DEOPT UNPACKING pc=0x000001fc075846a2 sp=0x000000670c0f76d8 mode 2
Event: 11.599 Thread 0x000001fc15df88c0 Uncommon trap: trap_request=0xffffff3d fr.pc=0x000001fc07afc5fc relative=0x0000000000000cfc
Event: 11.599 Thread 0x000001fc15df88c0 Uncommon trap: reason=unstable_fused_if action=reinterpret pc=0x000001fc07afc5fc method=org.objectweb.asm.ByteVector.putUTF8(Ljava/lang/String;)Lorg/objectweb/asm/ByteVector; @ 93 c2
Event: 11.599 Thread 0x000001fc15df88c0 DEOPT PACKING pc=0x000001fc07afc5fc sp=0x000000670c0f8150
Event: 11.599 Thread 0x000001fc15df88c0 DEOPT UNPACKING pc=0x000001fc075846a2 sp=0x000000670c0f80a8 mode 2

Classes loaded (20 events):
Event: 10.666 Loading class sun/nio/fs/WindowsPath$1
Event: 10.666 Loading class sun/nio/fs/WindowsPath$1 done
Event: 10.667 Loading class sun/nio/fs/WindowsException
Event: 10.671 Loading class sun/nio/fs/WindowsException done
Event: 10.730 Loading class java/util/Collections$SynchronizedRandomAccessList
Event: 10.730 Loading class java/util/Collections$SynchronizedList
Event: 10.731 Loading class java/util/Collections$SynchronizedList done
Event: 10.731 Loading class java/util/Collections$SynchronizedRandomAccessList done
Event: 10.787 Loading class java/util/regex/Pattern$Pos
Event: 10.787 Loading class java/util/regex/Pattern$Pos done
Event: 11.056 Loading class java/security/CodeSigner
Event: 11.056 Loading class java/security/CodeSigner done
Event: 11.208 Loading class java/nio/charset/CharacterCodingException
Event: 11.208 Loading class java/nio/charset/CharacterCodingException done
Event: 11.460 Loading class java/util/stream/Streams$RangeIntSpliterator
Event: 11.460 Loading class java/util/stream/Streams$RangeIntSpliterator done
Event: 11.495 Loading class jdk/internal/loader/URLClassPath$FileLoader
Event: 11.495 Loading class jdk/internal/loader/URLClassPath$FileLoader done
Event: 11.498 Loading class jdk/internal/loader/URLClassPath$FileLoader$1
Event: 11.498 Loading class jdk/internal/loader/URLClassPath$FileLoader$1 done

Classes unloaded (0 events):
No events

Classes redefined (0 events):
No events

Internal exceptions (20 events):
Event: 10.592 Thread 0x000001fc15df88c0 Exception <a 'java/lang/IncompatibleClassChangeError'{0x00000000842bdaa0}: Found class java.lang.Object, but interface was expected> (0x00000000842bdaa0) 
thrown [s\src\hotspot\share\interpreter\linkResolver.cpp, line 851]
Event: 10.671 Thread 0x000001fc15df88c0 Exception <a 'sun/nio/fs/WindowsException'{0x000000008418b9d0}> (0x000000008418b9d0) 
thrown [s\src\hotspot\share\prims\jni.cpp, line 535]
Event: 10.673 Thread 0x000001fc15df88c0 Exception <a 'sun/nio/fs/WindowsException'{0x000000008418cef8}> (0x000000008418cef8) 
thrown [s\src\hotspot\share\prims\jni.cpp, line 535]
Event: 10.674 Thread 0x000001fc15df88c0 Exception <a 'sun/nio/fs/WindowsException'{0x000000008418e3c8}> (0x000000008418e3c8) 
thrown [s\src\hotspot\share\prims\jni.cpp, line 535]
Event: 10.675 Thread 0x000001fc15df88c0 Exception <a 'sun/nio/fs/WindowsException'{0x000000008418f8a8}> (0x000000008418f8a8) 
thrown [s\src\hotspot\share\prims\jni.cpp, line 535]
Event: 10.701 Thread 0x000001fc15df88c0 Exception <a 'java/lang/NoSuchMethodError'{0x00000000840b9c88}: 'java.lang.Object java.lang.invoke.Invokers$Holder.invoker(java.lang.Object, java.lang.Object, java.lang.Object, java.lang.Object, java.lang.Object, java.lang.Object)'> (0x00000000840b9c88) 
thrown [s\src\hotspot\share\interpreter\linkResolver.cpp, line 784]
Event: 10.742 Thread 0x000001fc15df88c0 Exception <a 'java/lang/NoSuchMethodError'{0x0000000083f90b20}: 'java.lang.Object java.lang.invoke.Invokers$Holder.invoker(java.lang.Object, java.lang.Object, java.lang.Object, java.lang.Object, java.lang.Object)'> (0x0000000083f90b20) 
thrown [s\src\hotspot\share\interpreter\linkResolver.cpp, line 784]
Event: 10.756 Thread 0x000001fc15df88c0 Exception <a 'java/lang/NoSuchMethodError'{0x0000000083fb0820}: 'java.lang.Object java.lang.invoke.Invokers$Holder.invoker(java.lang.Object, java.lang.Object, java.lang.Object, java.lang.Object, java.lang.Object, java.lang.Object, java.lang.Object, java.lang.Object, java.lang.Object, java.lang.Object, java.lang.Object, java.lang.Object, java.lang.Object, java.lang.Object, java.lang.Object, java.lang.Object, java.lang.Object, java.lang.Object, java.lang.Object, java.lang.Object, java.lang.Object, java.lang.
Event: 10.757 Thread 0x000001fc15df88c0 Exception <a 'java/lang/NoSuchMethodError'{0x0000000083fb6dd0}: 'java.lang.Object java.lang.invoke.DelegatingMethodHandle$Holder.delegate(java.lang.Object, java.lang.Object, java.lang.Object, java.lang.Object, java.lang.Object, java.lang.Object, java.lang.Object, java.lang.Object, java.lang.Object, java.lang.Object, java.lang.Object, java.lang.Object, java.lang.Object, java.lang.Object, java.lang.Object, java.lang.Object, java.lang.Object, java.lang.Object, java.lang.Object, java.lang.Object, java.lang.Obj
Event: 11.081 Thread 0x000001fc15df88c0 Exception <a 'java/lang/IncompatibleClassChangeError'{0x0000000093777ad8}: Found class java.lang.Object, but interface was expected> (0x0000000093777ad8) 
thrown [s\src\hotspot\share\interpreter\linkResolver.cpp, line 851]
Event: 11.113 Thread 0x000001fc15df88c0 Exception <a 'java/lang/NoSuchMethodError'{0x0000000093626c48}: 'java.lang.Object java.lang.invoke.DirectMethodHandle$Holder.newInvokeSpecial(java.lang.Object, java.lang.Object, long)'> (0x0000000093626c48) 
thrown [s\src\hotspot\share\interpreter\linkResolver.cpp, line 784]
Event: 11.113 Thread 0x000001fc15df88c0 Exception <a 'java/lang/NoSuchMethodError'{0x000000009362b240}: 'java.lang.Object java.lang.invoke.Invokers$Holder.linkToTargetMethod(java.lang.Object, long, java.lang.Object)'> (0x000000009362b240) 
thrown [s\src\hotspot\share\interpreter\linkResolver.cpp, line 784]
Event: 11.179 Thread 0x000001fc15df8230 Implicit null exception at 0x000001fc07bdb834 to 0x000001fc07bdca7c
Event: 11.227 Thread 0x000001fc15df88c0 Exception <a 'java/lang/NoSuchMethodError'{0x00000000935b7a40}: 'int java.lang.invoke.DirectMethodHandle$Holder.invokeInterface(java.lang.Object, java.lang.Object)'> (0x00000000935b7a40) 
thrown [s\src\hotspot\share\interpreter\linkResolver.cpp, line 784]
Event: 11.458 Thread 0x000001fc15df88c0 Exception <a 'java/lang/NoSuchMethodError'{0x0000000093162d00}: 'java.lang.Object java.lang.invoke.DirectMethodHandle$Holder.invokeVirtual(java.lang.Object, java.lang.Object, int)'> (0x0000000093162d00) 
thrown [s\src\hotspot\share\interpreter\linkResolver.cpp, line 784]
Event: 11.490 Thread 0x000001fc15df88c0 Exception <a 'java/lang/NoSuchMethodError'{0x0000000084e40c38}: 'void java.lang.invoke.DirectMethodHandle$Holder.invokeInterface(java.lang.Object, java.lang.Object, java.lang.Object, java.lang.Object, java.lang.Object, java.lang.Object, java.lang.Object)'> (0x0000000084e40c38) 
thrown [s\src\hotspot\share\interpreter\linkResolver.cpp, line 784]
Event: 11.491 Thread 0x000001fc15df88c0 Exception <a 'java/lang/NoSuchMethodError'{0x0000000084e45520}: 'void java.lang.invoke.DelegatingMethodHandle$Holder.reinvoke_L(java.lang.Object, java.lang.Object, java.lang.Object, java.lang.Object, java.lang.Object, java.lang.Object, java.lang.Object)'> (0x0000000084e45520) 
thrown [s\src\hotspot\share\interpreter\linkResolver.cpp, line 784]
Event: 11.530 Thread 0x000001fc15df88c0 Exception <a 'java/lang/NoSuchMethodError'{0x0000000084d6e860}: 'java.lang.Object java.lang.invoke.DirectMethodHandle$Holder.invokeVirtual(java.lang.Object, java.lang.Object, java.lang.Object, java.lang.Object, java.lang.Object, java.lang.Object, java.lang.Object, java.lang.Object, java.lang.Object, java.lang.Object, java.lang.Object, java.lang.Object, java.lang.Object, java.lang.Object, java.lang.Object)'> (0x0000000084d6e860) 
thrown [s\src\hotspot\share\interpreter\linkResolver.cpp, line 784]
Event: 11.530 Thread 0x000001fc15df88c0 Exception <a 'java/lang/NoSuchMethodError'{0x0000000084d74190}: 'java.lang.Object java.lang.invoke.DirectMethodHandle$Holder.invokeSpecial(java.lang.Object, java.lang.Object, java.lang.Object, java.lang.Object, java.lang.Object, java.lang.Object, java.lang.Object, java.lang.Object, java.lang.Object, java.lang.Object, java.lang.Object, java.lang.Object, java.lang.Object, java.lang.Object, java.lang.Object, java.lang.Object)'> (0x0000000084d74190) 
thrown [s\src\hotspot\share\interpreter\linkResolver.cpp, li
Event: 11.530 Thread 0x000001fc15df88c0 Exception <a 'java/lang/NoSuchMethodError'{0x0000000084d79400}: 'java.lang.Object java.lang.invoke.DelegatingMethodHandle$Holder.reinvoke_L(java.lang.Object, java.lang.Object, java.lang.Object, java.lang.Object, java.lang.Object, java.lang.Object, java.lang.Object, java.lang.Object, java.lang.Object, java.lang.Object, java.lang.Object, java.lang.Object, java.lang.Object, java.lang.Object, java.lang.Object)'> (0x0000000084d79400) 
thrown [s\src\hotspot\share\interpreter\linkResolver.cpp, line 784]

ZGC Phase Switch (0 events):
No events

VM Operations (20 events):
Event: 10.279 Executing VM operation: HandshakeAllThreads (Deoptimize)
Event: 10.279 Executing VM operation: HandshakeAllThreads (Deoptimize) done
Event: 10.284 Executing VM operation: HandshakeAllThreads (Deoptimize)
Event: 10.284 Executing VM operation: HandshakeAllThreads (Deoptimize) done
Event: 10.292 Executing VM operation: HandshakeAllThreads (Deoptimize)
Event: 10.292 Executing VM operation: HandshakeAllThreads (Deoptimize) done
Event: 10.302 Executing VM operation: HandshakeAllThreads (Deoptimize)
Event: 10.302 Executing VM operation: HandshakeAllThreads (Deoptimize) done
Event: 10.400 Executing VM operation: HandshakeAllThreads (Deoptimize)
Event: 10.400 Executing VM operation: HandshakeAllThreads (Deoptimize) done
Event: 10.672 Executing VM operation: HandshakeAllThreads (Deoptimize)
Event: 10.672 Executing VM operation: HandshakeAllThreads (Deoptimize) done
Event: 10.961 Executing VM operation: G1CollectForAllocation (G1 Evacuation Pause)
Event: 10.971 Executing VM operation: G1CollectForAllocation (G1 Evacuation Pause) done
Event: 11.095 Executing VM operation: HandshakeAllThreads (Deoptimize)
Event: 11.095 Executing VM operation: HandshakeAllThreads (Deoptimize) done
Event: 11.175 Executing VM operation: HandshakeAllThreads (Deoptimize)
Event: 11.175 Executing VM operation: HandshakeAllThreads (Deoptimize) done
Event: 11.654 Executing VM operation: HandshakeAllThreads (Deoptimize)
Event: 11.654 Executing VM operation: HandshakeAllThreads (Deoptimize) done

Events (20 events):
Event: 8.713 Thread 0x000001fc0f4d9fc0 flushing nmethod 0x000001fc07b06d90
Event: 8.713 Thread 0x000001fc0f4d9fc0 flushing nmethod 0x000001fc07b06790
Event: 8.713 Thread 0x000001fc0f4d9fc0 flushing nmethod 0x000001fc07af8310
Event: 8.713 Thread 0x000001fc0f4d9fc0 flushing nmethod 0x000001fc07af6c10
Event: 8.713 Thread 0x000001fc0f4d9fc0 flushing nmethod 0x000001fc07ae3390
Event: 8.713 Thread 0x000001fc0f4d9fc0 flushing nmethod 0x000001fc07ae3090
Event: 8.713 Thread 0x000001fc0f4d9fc0 flushing nmethod 0x000001fc07ae7b90
Event: 8.713 Thread 0x000001fc0f4d9fc0 flushing nmethod 0x000001fc07aeea10
Event: 8.713 Thread 0x000001fc0f4d9fc0 flushing nmethod 0x000001fc07ad8810
Event: 8.743 Thread 0x000001fc1673e7e0 Thread added: 0x000001fc1673e7e0
Event: 8.981 Thread 0x000001fc1673b9f0 Thread added: 0x000001fc1673b9f0
Event: 9.043 Thread 0x000001fc14e923a0 Thread added: 0x000001fc14e923a0
Event: 9.361 Thread 0x000001fc1673e150 Thread added: 0x000001fc1673e150
Event: 9.726 Thread 0x000001fc14e923a0 Thread exited: 0x000001fc14e923a0
Event: 9.773 Thread 0x000001fc14e90f30 Thread added: 0x000001fc14e90f30
Event: 9.865 Thread 0x000001fc14e8fac0 Thread added: 0x000001fc14e8fac0
Event: 10.252 Thread 0x000001fc14e8fac0 Thread exited: 0x000001fc14e8fac0
Event: 10.481 Thread 0x000001fc14e91cd0 Thread added: 0x000001fc14e91cd0
Event: 11.118 Thread 0x000001fc14e91cd0 Thread exited: 0x000001fc14e91cd0
Event: 11.482 Thread 0x000001fc14e90f30 Thread exited: 0x000001fc14e90f30


Dynamic libraries:
0x00007ff7e6110000 - 0x00007ff7e611a000 	C:\Program Files\Android\Android Studio\jbr\bin\java.exe
0x00007ffca90b0000 - 0x00007ffca92c7000 	C:\WINDOWS\SYSTEM32\ntdll.dll
0x00007ffca87d0000 - 0x00007ffca8894000 	C:\WINDOWS\System32\KERNEL32.DLL
0x00007ffca67a0000 - 0x00007ffca6b4d000 	C:\WINDOWS\System32\KERNELBASE.dll
0x00007ffca6490000 - 0x00007ffca65a1000 	C:\WINDOWS\System32\ucrtbase.dll
0x00007ffc8de20000 - 0x00007ffc8de3b000 	C:\Program Files\Android\Android Studio\jbr\bin\VCRUNTIME140.dll
0x00007ffc63c80000 - 0x00007ffc63c98000 	C:\Program Files\Android\Android Studio\jbr\bin\jli.dll
0x00007ffca7a70000 - 0x00007ffca7c1e000 	C:\WINDOWS\System32\USER32.dll
0x00007ffca6b50000 - 0x00007ffca6b76000 	C:\WINDOWS\System32\win32u.dll
0x00007ffca8a00000 - 0x00007ffca8a29000 	C:\WINDOWS\System32\GDI32.dll
0x00007ffca65b0000 - 0x00007ffca66c9000 	C:\WINDOWS\System32\gdi32full.dll
0x00007ffca6700000 - 0x00007ffca679a000 	C:\WINDOWS\System32\msvcp_win.dll
0x00007ffc903f0000 - 0x00007ffc90683000 	C:\WINDOWS\WinSxS\amd64_microsoft.windows.common-controls_6595b64144ccf1df_6.0.22621.3672_none_2713b9d173822955\COMCTL32.dll
0x00007ffca72c0000 - 0x00007ffca7367000 	C:\WINDOWS\System32\msvcrt.dll
0x00007ffca8d70000 - 0x00007ffca8da1000 	C:\WINDOWS\System32\IMM32.DLL
0x00007ffc9eab0000 - 0x00007ffc9eabc000 	C:\Program Files\Android\Android Studio\jbr\bin\vcruntime140_1.dll
0x00007ffbe2f30000 - 0x00007ffbe2fbd000 	C:\Program Files\Android\Android Studio\jbr\bin\msvcp140.dll
0x00007ffc2d330000 - 0x00007ffc2dfad000 	C:\Program Files\Android\Android Studio\jbr\bin\server\jvm.dll
0x00007ffca7c20000 - 0x00007ffca7cd2000 	C:\WINDOWS\System32\ADVAPI32.dll
0x00007ffca8a30000 - 0x00007ffca8ad9000 	C:\WINDOWS\System32\sechost.dll
0x00007ffca66d0000 - 0x00007ffca66f8000 	C:\WINDOWS\System32\bcrypt.dll
0x00007ffca8db0000 - 0x00007ffca8ec4000 	C:\WINDOWS\System32\RPCRT4.dll
0x00007ffca88a0000 - 0x00007ffca8911000 	C:\WINDOWS\System32\WS2_32.dll
0x00007ffca62a0000 - 0x00007ffca62ed000 	C:\WINDOWS\SYSTEM32\POWRPROF.dll
0x00007ffc977c0000 - 0x00007ffc977f4000 	C:\WINDOWS\SYSTEM32\WINMM.dll
0x00007ffc9e820000 - 0x00007ffc9e82a000 	C:\WINDOWS\SYSTEM32\VERSION.dll
0x00007ffca6280000 - 0x00007ffca6293000 	C:\WINDOWS\SYSTEM32\UMPDC.dll
0x00007ffca5380000 - 0x00007ffca5398000 	C:\WINDOWS\SYSTEM32\kernel.appcore.dll
0x00007ffc8d910000 - 0x00007ffc8d91a000 	C:\Program Files\Android\Android Studio\jbr\bin\jimage.dll
0x00007ffca39a0000 - 0x00007ffca3bd2000 	C:\WINDOWS\SYSTEM32\DBGHELP.DLL
0x00007ffca7520000 - 0x00007ffca78ae000 	C:\WINDOWS\System32\combase.dll
0x00007ffca8ed0000 - 0x00007ffca8fa7000 	C:\WINDOWS\System32\OLEAUT32.dll
0x00007ffc91b90000 - 0x00007ffc91bc2000 	C:\WINDOWS\SYSTEM32\dbgcore.DLL
0x00007ffca6bf0000 - 0x00007ffca6c6b000 	C:\WINDOWS\System32\bcryptPrimitives.dll
0x00007ffc655c0000 - 0x00007ffc655ce000 	C:\Program Files\Android\Android Studio\jbr\bin\instrument.dll
0x00007ffc8d870000 - 0x00007ffc8d88f000 	C:\Program Files\Android\Android Studio\jbr\bin\java.dll
0x00007ffc88a30000 - 0x00007ffc88a48000 	C:\Program Files\Android\Android Studio\jbr\bin\zip.dll
0x00007ffca7d30000 - 0x00007ffca8597000 	C:\WINDOWS\System32\SHELL32.dll
0x00007ffca4300000 - 0x00007ffca4bff000 	C:\WINDOWS\SYSTEM32\windows.storage.dll
0x00007ffca41c0000 - 0x00007ffca42ff000 	C:\WINDOWS\SYSTEM32\wintypes.dll
0x00007ffca8c60000 - 0x00007ffca8d59000 	C:\WINDOWS\System32\SHCORE.dll
0x00007ffca8fb0000 - 0x00007ffca900e000 	C:\WINDOWS\System32\shlwapi.dll
0x00007ffca6300000 - 0x00007ffca6327000 	C:\WINDOWS\SYSTEM32\profapi.dll
0x00007ffc8d850000 - 0x00007ffc8d860000 	C:\Program Files\Android\Android Studio\jbr\bin\net.dll
0x00007ffc9fc50000 - 0x00007ffc9fd86000 	C:\WINDOWS\SYSTEM32\WINHTTP.dll
0x00007ffca5840000 - 0x00007ffca58a9000 	C:\WINDOWS\system32\mswsock.dll
0x00007ffc877d0000 - 0x00007ffc877e6000 	C:\Program Files\Android\Android Studio\jbr\bin\nio.dll
0x00007ffca1180000 - 0x00007ffca1190000 	C:\Program Files\Android\Android Studio\jbr\bin\verify.dll
0x00007ffc63ca0000 - 0x00007ffc63cc7000 	C:\Users\santi\.gradle\native\c067742578af261105cb4f569cf0c3c89f3d7b1fecec35dd04571415982c5e48\windows-amd64\native-platform.dll
0x00007ffbcd940000 - 0x00007ffbcda84000 	C:\Users\santi\.gradle\native\100fb08df4bc3b14c8652ba06237920a3bd2aa13389f12d3474272988ae205f9\windows-amd64\native-platform-file-events.dll
0x00007ffc861a0000 - 0x00007ffc861a9000 	C:\Program Files\Android\Android Studio\jbr\bin\management.dll
0x00007ffc86190000 - 0x00007ffc8619b000 	C:\Program Files\Android\Android Studio\jbr\bin\management_ext.dll
0x00007ffca89f0000 - 0x00007ffca89f8000 	C:\WINDOWS\System32\PSAPI.DLL
0x00007ffca5c00000 - 0x00007ffca5c1b000 	C:\WINDOWS\SYSTEM32\CRYPTSP.dll
0x00007ffca5340000 - 0x00007ffca5375000 	C:\WINDOWS\system32\rsaenh.dll
0x00007ffca58e0000 - 0x00007ffca5908000 	C:\WINDOWS\SYSTEM32\USERENV.dll
0x00007ffca5a40000 - 0x00007ffca5a4c000 	C:\WINDOWS\SYSTEM32\CRYPTBASE.dll
0x00007ffca4e60000 - 0x00007ffca4e8d000 	C:\WINDOWS\SYSTEM32\IPHLPAPI.DLL
0x00007ffca8d60000 - 0x00007ffca8d69000 	C:\WINDOWS\System32\NSI.dll
0x00007ffc861b0000 - 0x00007ffc861b9000 	C:\Program Files\Android\Android Studio\jbr\bin\extnet.dll
0x00007ffc861c0000 - 0x00007ffc861c8000 	C:\WINDOWS\system32\wshunix.dll

dbghelp: loaded successfully - version: 4.0.5 - missing functions: none
symbol engine: initialized successfully - sym options: 0x614 - pdb path: .;C:\Program Files\Android\Android Studio\jbr\bin;C:\WINDOWS\SYSTEM32;C:\WINDOWS\WinSxS\amd64_microsoft.windows.common-controls_6595b64144ccf1df_6.0.22621.3672_none_2713b9d173822955;C:\Program Files\Android\Android Studio\jbr\bin\server;C:\Users\santi\.gradle\native\c067742578af261105cb4f569cf0c3c89f3d7b1fecec35dd04571415982c5e48\windows-amd64;C:\Users\santi\.gradle\native\100fb08df4bc3b14c8652ba06237920a3bd2aa13389f12d3474272988ae205f9\windows-amd64

VM Arguments:
jvm_args: --add-opens=java.base/java.util=ALL-UNNAMED --add-opens=java.base/java.lang=ALL-UNNAMED --add-opens=java.base/java.lang.invoke=ALL-UNNAMED --add-opens=java.prefs/java.util.prefs=ALL-UNNAMED --add-exports=jdk.compiler/com.sun.tools.javac.api=ALL-UNNAMED --add-exports=jdk.compiler/com.sun.tools.javac.util=ALL-UNNAMED --add-opens=java.base/java.nio.charset=ALL-UNNAMED --add-opens=java.base/java.net=ALL-UNNAMED --add-opens=java.base/java.util.concurrent.atomic=ALL-UNNAMED -Xmx2048m -Dfile.encoding=UTF-8 -Duser.country=CO -Duser.language=es -Duser.variant -javaagent:C:\Users\santi\.gradle\wrapper\dists\gradle-8.9-bin\90cnw93cvbtalezasaz0blq0a\gradle-8.9\lib\agents\gradle-instrumentation-agent-8.9.jar 
java_command: org.gradle.launcher.daemon.bootstrap.GradleDaemon 8.9
java_class_path (initial): C:\Users\santi\.gradle\wrapper\dists\gradle-8.9-bin\90cnw93cvbtalezasaz0blq0a\gradle-8.9\lib\gradle-daemon-main-8.9.jar
Launcher Type: SUN_STANDARD

[Global flags]
     intx CICompilerCount                          = 4                                         {product} {ergonomic}
     uint ConcGCThreads                            = 2                                         {product} {ergonomic}
     uint G1ConcRefinementThreads                  = 8                                         {product} {ergonomic}
   size_t G1HeapRegionSize                         = 1048576                                   {product} {ergonomic}
    uintx GCDrainStackTargetSize                   = 64                                        {product} {ergonomic}
   size_t InitialHeapSize                          = 400556032                                 {product} {ergonomic}
   size_t MarkStackSize                            = 4194304                                   {product} {ergonomic}
   size_t MaxHeapSize                              = 2147483648                                {product} {command line}
   size_t MaxNewSize                               = 1287651328                                {product} {ergonomic}
   size_t MinHeapDeltaBytes                        = 1048576                                   {product} {ergonomic}
   size_t MinHeapSize                              = 8388608                                   {product} {ergonomic}
    uintx NonNMethodCodeHeapSize                   = 5839372                                {pd product} {ergonomic}
    uintx NonProfiledCodeHeapSize                  = 122909434                              {pd product} {ergonomic}
    uintx ProfiledCodeHeapSize                     = 122909434                              {pd product} {ergonomic}
    uintx ReservedCodeCacheSize                    = 251658240                              {pd product} {ergonomic}
     bool SegmentedCodeCache                       = true                                      {product} {ergonomic}
   size_t SoftMaxHeapSize                          = 2147483648                             {manageable} {ergonomic}
     bool UseCompressedOops                        = true                           {product lp64_product} {ergonomic}
     bool UseG1GC                                  = true                                      {product} {ergonomic}
     bool UseLargePagesIndividualAllocation        = false                                  {pd product} {ergonomic}

Logging:
Log output configuration:
 #0: stdout all=warning uptime,level,tags foldmultilines=false
 #1: stderr all=off uptime,level,tags foldmultilines=false

Environment Variables:
PATH=C:\Program Files (x86)\VMware\VMware Workstation\bin\;C:\Program Files\Common Files\Oracle\Java\javapath;C:\Windows\system32;C:\Windows;C:\Windows\System32\Wbem;C:\Windows\System32\WindowsPowerShell\v1.0\;C:\Windows\System32\OpenSSH\;C:\Program Files (x86)\NVIDIA Corporation\PhysX\Common;C:\Program Files\NVIDIA Corporation\NVIDIA NvDLISR;C:\WINDOWS\system32;C:\WINDOWS;C:\WINDOWS\System32\Wbem;C:\WINDOWS\System32\WindowsPowerShell\v1.0\;C:\WINDOWS\System32\OpenSSH\;C:\Program Files\dotnet\;C:\Program Files\nodejs\;C:\Users\santi\AppData\Local\Programs\Python\Python311;C:\Program Files\PostgreSQL\15\bin;C:\Program Files\PostgreSQL\15\lib;C:\Users\santi\miniforge3\condabin\conda;C:\Users\santi\miniforge3\condabin;C:\Program Files\PuTTY\;C:\Program Files\Git\cmd;C:\Program Files\Docker\Docker\resources\bin;C:\Program Files\MySQL\MySQL Shell 8.0\bin\;C:\Users\santi\AppData\Local\Programs\Python\Python311\Scripts\;C:\Users\santi\AppData\Local\Programs\Python\Python311\;C:\Users\santi\AppData\Local\Microsoft\WindowsApps;C:\Users\santi\AppData\Roaming\npm;C:\Program Files\PostgreSQL\15\bin;C:\Program Files\PostgreSQL\15\lib;C:\Users\santi\AppData\Local\Programs\Microsoft VS Code\bin;C:\Users\santi\AppData\Local\GitHubDesktop\bin
USERNAME=santi
OS=Windows_NT
PROCESSOR_IDENTIFIER=Intel64 Family 6 Model 158 Stepping 13, GenuineIntel
TMP=C:\Users\santi\AppData\Local\Temp
TEMP=C:\Users\santi\AppData\Local\Temp




Periodic native trim disabled

JNI global refs:
JNI global refs: 24, weak refs: 0

JNI global refs memory usage: 835, weak refs: 833

Process memory usage:
Resident Set Size: 244064K (0% of 25014332K total physical memory with 11900392K free physical memory)

OOME stack traces (most recent first):
Classloader memory used:
Loader org.gradle.internal.classloader.VisitableURLClassLoader                         : 22111K
Loader bootstrap                                                                       : 21159K
Loader org.gradle.initialization.MixInLegacyTypesClassLoader                           : 4416K
Loader jdk.internal.loader.ClassLoaders$PlatformClassLoader                            : 553K
Loader jdk.internal.loader.ClassLoaders$AppClassLoader                                 : 230K
Loader org.gradle.internal.classloader.VisitableURLClassLoader                         : 3608B

Classes loaded by more than one classloader:
Class org.gradle.internal.classloader.FilteringClassLoader                            : loaded 2 times (x 102B)
Class org.gradle.internal.classloader.ClassLoaderHierarchy                            : loaded 2 times (x 67B)
Class org.gradle.api.internal.classpath.ManifestUtil                                  : loaded 2 times (x 68B)
Class org.gradle.internal.classloader.DefaultClassLoaderFactory                       : loaded 2 times (x 79B)
Class org.gradle.internal.classloader.ClassLoaderVisitor                              : loaded 2 times (x 73B)
Class org.gradle.api.internal.classpath.EffectiveClassPath                            : loaded 2 times (x 87B)
Class org.gradle.api.internal.DefaultClassPathProvider                                : loaded 2 times (x 73B)
Class [Lorg.gradle.api.internal.ClassPathProvider;                                    : loaded 2 times (x 66B)
Class org.gradle.api.internal.ClassPathProvider                                       : loaded 2 times (x 67B)
Class org.gradle.internal.service.UnknownServiceException                             : loaded 2 times (x 80B)
Class org.gradle.internal.classpath.TransformedClassPath                              : loaded 2 times (x 93B)
Class org.gradle.internal.service.ServiceLocator                                      : loaded 2 times (x 67B)
Class org.gradle.internal.InternalTransformer                                         : loaded 2 times (x 67B)
Class org.gradle.internal.classloader.ClasspathUtil$1                                 : loaded 2 times (x 73B)
Class org.gradle.api.internal.classpath.DefaultModuleRegistry$DefaultModule           : loaded 2 times (x 83B)
Class org.gradle.api.internal.classpath.Module                                        : loaded 2 times (x 67B)
Class org.gradle.api.internal.classpath.UnknownModuleException                        : loaded 2 times (x 79B)
Class org.gradle.api.internal.DefaultClassPathRegistry                                : loaded 2 times (x 73B)
Class org.gradle.api.internal.ClassPathRegistry                                       : loaded 2 times (x 67B)
Class org.gradle.internal.classpath.DefaultClassPath$ImmutableUniqueList              : loaded 2 times (x 196B)
Class org.gradle.internal.classpath.ClassPath                                         : loaded 2 times (x 67B)
Class org.gradle.api.UncheckedIOException                                             : loaded 2 times (x 79B)
Class org.gradle.internal.installation.GradleInstallation$1                           : loaded 2 times (x 72B)
Class org.gradle.api.internal.classpath.ModuleRegistry                                : loaded 2 times (x 67B)
Class org.gradle.api.internal.classpath.DefaultModuleRegistry                         : loaded 2 times (x 80B)
Class org.gradle.internal.service.ServiceLookupException                              : loaded 2 times (x 79B)
Class org.gradle.internal.classloader.ClassLoaderFactory                              : loaded 2 times (x 67B)
Class org.gradle.internal.service.CachingServiceLocator                               : loaded 2 times (x 79B)
Class org.gradle.internal.classloader.ClasspathUtil                                   : loaded 2 times (x 68B)
Class org.gradle.api.specs.Spec                                                       : loaded 2 times (x 67B)
Class org.gradle.internal.classloader.VisitableURLClassLoader$InstrumentingVisitableURLClassLoader: loaded 2 times (x 120B)
Class org.gradle.internal.classloader.VisitableURLClassLoader$Spec                    : loaded 2 times (x 71B)
Class org.gradle.internal.classpath.DefaultClassPath                                  : loaded 2 times (x 87B)
Class org.gradle.internal.classloader.ClassLoaderSpec                                 : loaded 2 times (x 68B)
Class org.gradle.internal.classloader.VisitableURLClassLoader                         : loaded 2 times (x 114B)
Class org.gradle.internal.Cast                                                        : loaded 2 times (x 68B)
Class org.gradle.api.Action                                                           : loaded 2 times (x 67B)
Class org.gradle.internal.agents.InstrumentingClassLoader                             : loaded 2 times (x 67B)
Class org.gradle.internal.classpath.DefaultClassPath$ImmutableUniqueList$Builder      : loaded 2 times (x 72B)
Class org.gradle.api.GradleException                                                  : loaded 2 times (x 79B)
Class org.gradle.internal.IoActions                                                   : loaded 2 times (x 68B)
Class org.gradle.internal.classloader.SystemClassLoaderSpec                           : loaded 2 times (x 68B)
Class org.gradle.internal.installation.CurrentGradleInstallationLocator               : loaded 2 times (x 68B)
Class org.gradle.internal.service.DefaultServiceLocator                               : loaded 2 times (x 80B)
Class org.gradle.internal.installation.CurrentGradleInstallation                      : loaded 2 times (x 70B)
Class org.gradle.util.internal.GUtil                                                  : loaded 2 times (x 68B)
Class org.gradle.internal.installation.GradleInstallation                             : loaded 2 times (x 72B)

---------------  S Y S T E M  ---------------

OS:
 Windows 11 , 64 bit Build 22621 (10.0.22621.3958)
OS uptime: 0 days 1:06 hours
Hyper-V role detected

CPU: total 8 (initial active 8) (4 cores per cpu, 2 threads per core) family 6 model 158 stepping 13 microcode 0xde, cx8, cmov, fxsr, ht, mmx, 3dnowpref, sse, sse2, sse3, ssse3, sse4.1, sse4.2, popcnt, lzcnt, tsc, tscinvbit, avx, avx2, aes, erms, clmul, bmi1, bmi2, adx, fma, vzeroupper, clflush, clflushopt, hv, rdtscp, f16c
Processor Information for all 8 processors :
  Max Mhz: 2400, Current Mhz: 2200, Mhz Limit: 2400

Memory: 4k page, system-wide physical 24428M (11626M free)
TotalPageFile size 28268M (AvailPageFile size 14203M)
current process WorkingSet (physical memory assigned to process): 238M, peak: 263M
current process commit charge ("private bytes"): 274M, peak: 514M

vm_info: OpenJDK 64-Bit Server VM (21.0.3+-12282718-b509.11) for windows-amd64 JRE (21.0.3+-12282718-b509.11), built on 2024-08-27T17:34:15Z by "builder" with MS VC++ 16.10 / 16.11 (VS2019)

END.
